{"contracts/CollateralToken.sol":{"l":{"11":14},"path":"/mnt/c/Users/ariel/OneDrive/Desktop/Final Blockchain/solid-loans/contracts/CollateralToken.sol","s":{"1":14},"b":{"1":[14,1]},"f":{"1":15,"2":14},"fnMap":{"1":{"name":"constructor","line":8,"loc":{"start":{"line":8,"column":4},"end":{"line":8,"column":71}}},"2":{"name":"mint","line":10,"loc":{"start":{"line":10,"column":4},"end":{"line":12,"column":4}}}},"statementMap":{"1":{"start":{"line":11,"column":8},"end":{"line":11,"column":24}}},"branchMap":{"1":{"line":10,"type":"if","locations":[{"start":{"line":10,"column":55},"end":{"line":10,"column":55}},{"start":{"line":10,"column":55},"end":{"line":10,"column":55}}]}}},"contracts/LendingProtocol.sol":{"l":{"24":13,"25":13,"26":13,"30":9,"33":8,"38":7,"40":7,"44":6,"46":6,"48":5,"49":5,"51":4,"52":4,"54":4,"58":2,"59":2,"61":1,"63":1,"65":1,"66":1,"70":3,"71":3,"73":2,"74":2,"76":1,"77":1,"89":4,"90":4},"path":"/mnt/c/Users/ariel/OneDrive/Desktop/Final Blockchain/solid-loans/contracts/LendingProtocol.sol","s":{"1":9,"2":8,"3":7,"4":6,"5":6,"6":5,"7":5,"8":4,"9":2,"10":2,"11":1,"12":1,"13":3,"14":3,"15":2,"16":2,"17":1,"18":4,"19":4},"b":{"1":[8,1],"2":[7,1],"3":[5,1],"4":[4,1],"5":[1,1],"6":[2,1],"7":[1,1]},"f":{"1":13,"2":9,"3":6,"4":2,"5":3,"6":4},"fnMap":{"1":{"name":"constructor","line":23,"loc":{"start":{"line":23,"column":4},"end":{"line":27,"column":4}}},"2":{"name":"depositCollateral","line":29,"loc":{"start":{"line":29,"column":4},"end":{"line":41,"column":4}}},"3":{"name":"borrow","line":43,"loc":{"start":{"line":43,"column":4},"end":{"line":55,"column":4}}},"4":{"name":"repay","line":57,"loc":{"start":{"line":57,"column":4},"end":{"line":67,"column":4}}},"5":{"name":"withdrawCollateral","line":69,"loc":{"start":{"line":69,"column":4},"end":{"line":78,"column":4}}},"6":{"name":"getUserData","line":80,"loc":{"start":{"line":80,"column":4},"end":{"line":91,"column":4}}}},"statementMap":{"1":{"start":{"line":30,"column":8},"end":{"line":30,"column":47}},"2":{"start":{"line":33,"column":8},"end":{"line":33,"column":941}},"3":{"start":{"line":40,"column":8},"end":{"line":40,"column":52}},"4":{"start":{"line":44,"column":8},"end":{"line":44,"column":53}},"5":{"start":{"line":46,"column":8},"end":{"line":46,"column":61}},"6":{"start":{"line":48,"column":8},"end":{"line":48,"column":76}},"7":{"start":{"line":49,"column":8},"end":{"line":49,"column":67}},"8":{"start":{"line":54,"column":8},"end":{"line":54,"column":41}},"9":{"start":{"line":58,"column":8},"end":{"line":58,"column":53}},"10":{"start":{"line":59,"column":8},"end":{"line":59,"column":51}},"11":{"start":{"line":61,"column":8},"end":{"line":61,"column":66}},"12":{"start":{"line":63,"column":8},"end":{"line":63,"column":67}},"13":{"start":{"line":70,"column":8},"end":{"line":70,"column":53}},"14":{"start":{"line":71,"column":8},"end":{"line":71,"column":61}},"15":{"start":{"line":73,"column":8},"end":{"line":73,"column":46}},"16":{"start":{"line":74,"column":8},"end":{"line":74,"column":47}},"17":{"start":{"line":77,"column":8},"end":{"line":77,"column":51}},"18":{"start":{"line":89,"column":8},"end":{"line":89,"column":50}},"19":{"start":{"line":90,"column":8},"end":{"line":90,"column":68}}},"branchMap":{"1":{"line":30,"type":"if","locations":[{"start":{"line":30,"column":8},"end":{"line":30,"column":8}},{"start":{"line":30,"column":8},"end":{"line":30,"column":8}}]},"2":{"line":33,"type":"if","locations":[{"start":{"line":33,"column":8},"end":{"line":33,"column":8}},{"start":{"line":33,"column":8},"end":{"line":33,"column":8}}]},"3":{"line":46,"type":"if","locations":[{"start":{"line":46,"column":8},"end":{"line":46,"column":8}},{"start":{"line":46,"column":8},"end":{"line":46,"column":8}}]},"4":{"line":49,"type":"if","locations":[{"start":{"line":49,"column":8},"end":{"line":49,"column":8}},{"start":{"line":49,"column":8},"end":{"line":49,"column":8}}]},"5":{"line":59,"type":"if","locations":[{"start":{"line":59,"column":8},"end":{"line":59,"column":8}},{"start":{"line":59,"column":8},"end":{"line":59,"column":8}}]},"6":{"line":71,"type":"if","locations":[{"start":{"line":71,"column":8},"end":{"line":71,"column":8}},{"start":{"line":71,"column":8},"end":{"line":71,"column":8}}]},"7":{"line":74,"type":"if","locations":[{"start":{"line":74,"column":8},"end":{"line":74,"column":8}},{"start":{"line":74,"column":8},"end":{"line":74,"column":8}}]}}},"contracts/LoanToken.sol":{"l":{"13":29,"17":22,"18":19},"path":"/mnt/c/Users/ariel/OneDrive/Desktop/Final Blockchain/solid-loans/contracts/LoanToken.sol","s":{"1":22,"2":19},"b":{"1":[29,0],"2":[19,3]},"f":{"1":18,"2":29,"3":22},"fnMap":{"1":{"name":"constructor","line":10,"loc":{"start":{"line":10,"column":4},"end":{"line":10,"column":74}}},"2":{"name":"setMinter","line":12,"loc":{"start":{"line":12,"column":4},"end":{"line":14,"column":4}}},"3":{"name":"mint","line":16,"loc":{"start":{"line":16,"column":4},"end":{"line":19,"column":4}}}},"statementMap":{"1":{"start":{"line":17,"column":8},"end":{"line":17,"column":53}},"2":{"start":{"line":18,"column":8},"end":{"line":18,"column":24}}},"branchMap":{"1":{"line":12,"type":"if","locations":[{"start":{"line":12,"column":49},"end":{"line":12,"column":49}},{"start":{"line":12,"column":49},"end":{"line":12,"column":49}}]},"2":{"line":17,"type":"if","locations":[{"start":{"line":17,"column":8},"end":{"line":17,"column":8}},{"start":{"line":17,"column":8},"end":{"line":17,"column":8}}]}}},"contracts/MockFailToken.sol":{"l":{"10":1},"path":"/mnt/c/Users/ariel/OneDrive/Desktop/Final Blockchain/solid-loans/contracts/MockFailToken.sol","s":{"1":1},"b":{},"f":{"1":1,"2":1},"fnMap":{"1":{"name":"constructor","line":7,"loc":{"start":{"line":7,"column":4},"end":{"line":7,"column":45}}},"2":{"name":"transferFrom","line":9,"loc":{"start":{"line":9,"column":4},"end":{"line":11,"column":4}}}},"statementMap":{"1":{"start":{"line":10,"column":8},"end":{"line":10,"column":20}}},"branchMap":{}}}